<?xml version="1.0" encoding="UTF-8"?>
<testsuite xmlns:xsi="http://www.w3.org/2001/XMLSchema-instance" xsi:noNamespaceSchemaLocation="https://maven.apache.org/surefire/maven-surefire-plugin/xsd/surefire-test-report.xsd" version="3.0.2" name="RedisEntryTest" time="1.113" tests="4" errors="0" skipped="0" failures="0">
  <properties>
[...]
</properties>
  <testcase name="shouldStoreValue" classname="RedisEntryTest" time="0.002"/>
  <testcase name="shouldNotExpireByDefault" classname="RedisEntryTest" time="0.001"/>
  <testcase name="shouldReturnRemainingTTL" classname="RedisEntryTest" time="0.002"/>
  <testcase name="shouldExpireAfterGivenTime" classname="RedisEntryTest" time="1.102"/>
</testsuite>